[2026-03-29 19:30:25] [scraper] Loading episode: https://seriale-online.net/episoade/ncis-sydney-sezonul-2-episodul-4/
[2026-03-29 19:30:30] [scraper] ============================================================
[2026-03-29 19:30:30] [scraper] DIAGNOSTIC: https://seriale-online.net/episoade/ncis-sydney-sezonul-2-episodul-4/
[2026-03-29 19:30:30] [scraper] ============================================================
[2026-03-29 19:30:30] [scraper] ── IFRAMES (1) ──
[2026-03-29 19:30:30] [scraper]   src='https://database.seriale-online.net/iframe/OGJSK0tXYjlIMVJSNDRwMnUvcTcxb0c3YW9oNzVha29ucm1weElWdkpJZEMzK2RCUFlpOU5XUXg1UWFtdW5sTVF0Y1h2VWp6YWZXVHJYb3cxNXdDOVNVTA=='  data-src=None  class='metaframe rptss'
[2026-03-29 19:30:30] [scraper] ── DATA-* ELEMENTS (0) ──
[2026-03-29 19:30:30] [scraper] ── PLAYER-LIKE BUTTONS/TABS (30) ──
[2026-03-29 19:30:30] [scraper]   <LI class='menu-item menu-item-type-custom menu-item-object-custom menu-item-64' > 'Seriale'
[2026-03-29 19:30:30] [scraper]   <LI class='menu-item menu-item-type-custom menu-item-object-custom menu-item-35401' > 'Filme Online'
[2026-03-29 19:30:30] [scraper]   <LI class='menu-item menu-item-type-custom menu-item-object-custom menu-item-60' > 'Genuri'
[2026-03-29 19:30:30] [scraper]   <LI class='menu-item menu-item-type-custom menu-item-object-custom menu-item-61' > 'Ani'
[2026-03-29 19:30:30] [scraper]   <LI class='menu-item menu-item-type-post_type menu-item-object-page menu-item-58' > 'Trending'
[2026-03-29 19:30:30] [scraper]   <LI class='menu-item menu-item-type-custom menu-item-object-custom menu-item-62' > 'Cereri'
[2026-03-29 19:30:30] [scraper]   <LI class='menu-item menu-item-type-custom menu-item-object-custom menu-item-69511' > 'Arrow'
[2026-03-29 19:30:30] [scraper]   <LI class='menu-item menu-item-type-custom menu-item-object-custom menu-item-69512' > 'Friends'
[2026-03-29 19:30:30] [scraper]   <LI class='menu-item menu-item-type-custom menu-item-object-custom menu-item-69513' > 'Game Of Thrones'
[2026-03-29 19:30:30] [scraper]   <LI class='menu-item menu-item-type-custom menu-item-object-custom menu-item-69514' > 'La Casa de Papel'
[2026-03-29 19:30:30] [scraper]   <LI class='menu-item menu-item-type-custom menu-item-object-custom menu-item-69515' > 'Legacies'
[2026-03-29 19:30:30] [scraper]   <LI class='menu-item menu-item-type-custom menu-item-object-custom menu-item-69516' > 'Lucifer'
[2026-03-29 19:30:30] [scraper]   <LI class='menu-item menu-item-type-custom menu-item-object-custom menu-item-69517' > 'Peaky Blinders'
[2026-03-29 19:30:30] [scraper]   <LI class='menu-item menu-item-type-custom menu-item-object-custom menu-item-69518' > 'Prison Break'
[2026-03-29 19:30:30] [scraper]   <LI class='menu-item menu-item-type-custom menu-item-object-custom menu-item-69519' > 'Riverdale'
[2026-03-29 19:30:30] [scraper]   <LI class='menu-item menu-item-type-custom menu-item-object-custom menu-item-69520' > 'See'
[2026-03-29 19:30:30] [scraper]   <LI class='menu-item menu-item-type-custom menu-item-object-custom menu-item-69521' > 'Shadowhunters'
[2026-03-29 19:30:30] [scraper]   <LI class='menu-item menu-item-type-custom menu-item-object-custom menu-item-69522' > 'Stranger Things'
[2026-03-29 19:30:30] [scraper]   <LI class='menu-item menu-item-type-custom menu-item-object-custom menu-item-69524' > 'Supernatural'
[2026-03-29 19:30:30] [scraper]   <LI class='menu-item menu-item-type-custom menu-item-object-custom menu-item-69525' > 'Teen Wolf'
[2026-03-29 19:30:30] [scraper]   <LI class='menu-item menu-item-type-custom menu-item-object-custom menu-item-69526' > 'The 100'
[2026-03-29 19:30:30] [scraper]   <LI class='menu-item menu-item-type-custom menu-item-object-custom menu-item-69527' > 'The Blacklist'
[2026-03-29 19:30:30] [scraper]   <LI class='menu-item menu-item-type-custom menu-item-object-custom menu-item-69528' > 'The Flash'
[2026-03-29 19:30:30] [scraper]   <LI class='menu-item menu-item-type-custom menu-item-object-custom menu-item-69529' > 'The Mandalorian'
[2026-03-29 19:30:30] [scraper]   <LI class='menu-item menu-item-type-custom menu-item-object-custom menu-item-69530' > 'The Mentalist'
[2026-03-29 19:30:30] [scraper]   <LI class='menu-item menu-item-type-custom menu-item-object-custom menu-item-69532' > 'The Originals'
[2026-03-29 19:30:30] [scraper]   <LI class='menu-item menu-item-type-custom menu-item-object-custom menu-item-69533' > 'The Vampire Diaries'
[2026-03-29 19:30:30] [scraper]   <LI class='menu-item menu-item-type-custom menu-item-object-custom menu-item-69534' > 'The Walking Dead'
[2026-03-29 19:30:30] [scraper]   <LI class='menu-item menu-item-type-custom menu-item-object-custom menu-item-69535' > 'The Witcher'
[2026-03-29 19:30:30] [scraper]   <LI class='menu-item menu-item-type-custom menu-item-object-custom menu-item-69536' > 'Vikings'
[2026-03-29 19:30:30] [scraper] ── INLINE SCRIPTS mentioning player/embed (1) ──
[2026-03-29 19:30:30] [scraper]   Script 1: '\nvar dtGonza = {"api":"https:\\/\\/seriale-online.net\\/wp-json\\/dooplay\\/search\\/","glossary":"https:\\/\\/seriale-online.net\\/wp-json\\/dooplay\\/glossary\\/","nonce":"4b3d39a134","area":".live-search","button":".search-button","more":"View all results","mobile":"false","reset_all":"Really you want to res'
[2026-03-29 19:30:30] [scraper] ── NETWORK REQUESTS to known hosters (0) ──
[2026-03-29 19:30:30] [scraper] ── ALL NETWORK REQUESTS (159 total, showing document/xhr/fetch) ──
[2026-03-29 19:30:30] [scraper]   [document] https://seriale-online.net/episoade/ncis-sydney-sezonul-2-episodul-4/
[2026-03-29 19:30:30] [scraper]   [fetch] https://adexchangeclear.com/ad/czcf.php?cz=8t64fmfafs&atv=79.0&chu=%22Not%3AA-Brand%22%3Bv%3D99%2C%20%22HeadlessChrome%22%3Bv%3D145%2C%20%22Chromium%22%3Bv%3D145&chmob=%3F0&chp=macOS&chpv=10_15_7&chuafv=145.0.7632.6
[2026-03-29 19:30:30] [scraper]   [document] https://database.seriale-online.net/iframe/OGJSK0tXYjlIMVJSNDRwMnUvcTcxb0c3YW9oNzVha29ucm1weElWdkpJZEMzK2RCUFlpOU5XUXg1UWFtdW5sTVF0Y1h2VWp6YWZXVHJYb3cxNXdDOVNVTA==
[2026-03-29 19:30:30] [scraper]   [fetch] https://adexchangeclear.com/video/slider.php?r=11049918&atv=79.0
[2026-03-29 19:30:30] [scraper]   [document] https://cdn1.vidcdn.co/e/w5ja4vO0mEZ8?adfree=1
[2026-03-29 19:30:30] [scraper]   [fetch] https://adexchangeclear.com/script/suurl5.php?r=11049906&chu=%22Not%3AA-Brand%22%3Bv%3D99%2C%20%22HeadlessChrome%22%3Bv%3D145%2C%20%22Chromium%22%3Bv%3D145&chmob=%3F0&chp=macOS&chpv=10_15_7&chuafv=145.0.7632.6&atag=1&cbur=0.1825268058609949&cbiframe=0&cbWidth=1280&cbHeight=800&cbtitle=NCIS%3A%20Sydney%20Sezonul%202%20Episodul%204%20Online%20Subtitrat%20in%20Romana%20%7C%20Seriale%20Online&cbpage=https%3A%2F%2Fseriale-online.net%2Fepisoade%2Fncis-sydney-sezonul-2-episodul-4%2F&cbref=&cbdescription=Urmareste%20NCIS%3A%20Sydney%20Sezonul%202%20Episodul%204%20Online%20Subtitrat%20in%20Romana%20Gratis%20la%20cea%20mai%20buna%20calitate.%20Acest%20episod%20a%20avut%20premiera%20pe%20data%20de%3A%202025-02-28.&cbkeywords=&cbcdn=acscdn.com&ts=1774801826507&atv=79.0&ufp=MacIntel%2FMozilla%2FNetscape%2Ftrue%2Ffalse%2FGoogle%20Inc.1280x800-180en-US81224%20bits&srs=32c9e34abddddb41d3989f7c9498877f&btp=0.8&aggr=3&czid=8t64fmfafs&ppv=1
[2026-03-29 19:30:30] [scraper]   [fetch] https://adexchangeclear.com/script/push.php?r=11049902&ipp=1&mads=2&position=top&czid=8t64fmfafs&atag=1&aggr=3&ppv=1&srs=32c9e34abddddb41d3989f7c9498877f&ufp=MacIntel%2FMozilla%2FNetscape%2Ftrue%2Ffalse%2FGoogle%20Inc.1280x800-180en-US81224%20bits&cbpage=https%3A%2F%2Fseriale-online.net%2Fepisoade%2Fncis-sydney-sezonul-2-episodul-4%2F&atv=79.0&cbref=&btp=0.8&chu=%22Not%3AA-Brand%22%3Bv%3D99%2C%20%22HeadlessChrome%22%3Bv%3D145%2C%20%22Chromium%22%3Bv%3D145&chmob=%3F0&chp=macOS&chpv=10_15_7&chuafv=145.0.7632.6
[2026-03-29 19:30:30] [scraper]   [fetch] https://region1.analytics.google.com/g/collect?v=2&tid=G-4ECKR43ENR&gtm=45je63q0h2v9123892315za20g&_p=1774801826204&_gaz=1&gcd=13l3l3l2l1l1&npa=1&dma_cps=a&dma=1&cid=728047093.1774801827&ul=en-us&sr=1280x800&ir=1&uaa=x86&uab=64&uafvl=Not%253AA-Brand%3B99.0.0.0%7CHeadlessChrome%3B145.0.7632.6%7CChromium%3B145.0.7632.6&uamb=0&uam=&uap=macOS&uapv=10_15_7&uaw=0&are=1&frm=0&pscdl=noapi&_eu=EAAIAGA&_s=1&tag_exp=0~115938465~115938468~116133312~117484252&sid=1774801826&sct=1&seg=0&dl=https%3A%2F%2Fseriale-online.net%2Fepisoade%2Fncis-sydney-sezonul-2-episodul-4%2F&dt=NCIS%3A%20Sydney%20Sezonul%202%20Episodul%204%20Online%20Subtitrat%20in%20Romana%20%7C%20Seriale%20Online&en=page_view&_fv=1&_nsi=1&_ss=1&tfd=1077
[2026-03-29 19:30:30] [scraper]   [fetch] https://commentsmodule.com/js/js.load.1.js?8064787096103264
[2026-03-29 19:30:30] [scraper]   [fetch] https://dns.google/resolve?name=70.55.125.86.in-addr.arpa&type=PTR&cd=true
[2026-03-29 19:30:30] [scraper]   [xhr] https://cdn1.vidcdn.co/cdn-cgi/trace
[2026-03-29 19:30:30] [scraper]   [document] https://xml.bigboxads.com/sub/9kqrx0Y
[2026-03-29 19:30:30] [scraper]   [document] https://xml.bigboxads.com/sub/npM7jVe
[2026-03-29 19:30:30] [scraper]   [document] https://xml.bigboxads.com/sub/p1GylWa
[2026-03-29 19:30:30] [scraper]   [document] https://xml.bigboxads.com/sub/p1GylWa
[2026-03-29 19:30:30] [scraper]   [document] https://xml.bigboxads.com/sub/p1GylQZ
[2026-03-29 19:30:30] [scraper]   [document] https://xml.bigboxads.com/sub/vqMZ3eB
[2026-03-29 19:30:30] [scraper]   [document] https://xml.bigboxads.com/sub/vqMZ3eB
[2026-03-29 19:30:30] [scraper]   [document] https://xml.bigboxads.com/sub/EDnEq76
[2026-03-29 19:30:30] [scraper]   [document] https://xml.bigboxads.com/sub/xjMN773
[2026-03-29 19:30:30] [scraper]   [document] https://xml.bigboxads.com/sub/jyMjD2y
[2026-03-29 19:30:30] [scraper]   [document] https://xml.bigboxads.com/sub/9kqrx0Y
[2026-03-29 19:30:30] [scraper]   [document] https://xml.bigboxads.com/sub/y6PlqJ0
[2026-03-29 19:30:30] [scraper]   [document] https://xml.bigboxads.com/sub/31VnlKy
[2026-03-29 19:30:30] [scraper]   [document] https://xml.bigboxads.com/sub/npM7jVe
[2026-03-29 19:30:30] [scraper]   [document] https://xml.bigboxads.com/sub/y6PlqJ0
[2026-03-29 19:30:30] [scraper]   [document] https://xml.bigboxads.com/sub/31VnlKy
[2026-03-29 19:30:30] [scraper]   [document] https://xml.bigboxads.com/sub/jyMjD2y
[2026-03-29 19:30:30] [scraper]   [document] https://xml.bigboxads.com/sub/xjMN773
[2026-03-29 19:30:30] [scraper]   [document] https://xml.bigboxads.com/sub/p1GylQZ
[2026-03-29 19:30:30] [scraper]   [document] https://xml.bigboxads.com/sub/qpG3rnP
[2026-03-29 19:30:30] [scraper]   [document] https://xml.bigboxads.com/sub/EDnEq76
[2026-03-29 19:30:30] [scraper]   [document] https://xml.bigboxads.com/sub/qpG3rnP
[2026-03-29 19:30:30] [scraper]   [xhr] https://cdn1.vidcdn.co/player/get_player_image.php
[2026-03-29 19:30:30] [scraper]   [xhr] https://cdn1.vidcdn.co/cdn-cgi/challenge-platform/h/g/jsd/oneshot/ea2d291c0fdc/0.36707159097325237:1774424211:9_pSV23kWGmNtldQToc5YDBzJFUfKD8QS_h75YB-Zx0/9e4042577f97e4b1
[2026-03-29 19:30:30] [scraper]   [document] https://xml.bigboxads.com/load
[2026-03-29 19:30:30] [scraper]   [document] https://xml.bigboxads.com/load
[2026-03-29 19:30:30] [scraper]   [document] https://xml.bigboxads.com/load
[2026-03-29 19:30:30] [scraper]   [document] https://xml.bigboxads.com/load
[2026-03-29 19:30:30] [scraper]   [document] https://xml.bigboxads.com/load
[2026-03-29 19:30:30] [scraper]   [document] https://xml.bigboxads.com/load
[2026-03-29 19:30:30] [scraper]   [document] https://xml.bigboxads.com/load
[2026-03-29 19:30:30] [scraper]   [document] https://xml.bigboxads.com/load
[2026-03-29 19:30:30] [scraper]   [document] https://xml.bigboxads.com/load
[2026-03-29 19:30:30] [scraper]   [document] https://xml.bigboxads.com/load
[2026-03-29 19:30:30] [scraper]   [document] https://xml.bigboxads.com/load
[2026-03-29 19:30:30] [scraper]   [document] https://xml.bigboxads.com/load
[2026-03-29 19:30:30] [scraper]   [document] https://xml.bigboxads.com/load
[2026-03-29 19:30:30] [scraper]   [document] https://xml.bigboxads.com/load
[2026-03-29 19:30:30] [scraper]   [document] https://xml.bigboxads.com/load
[2026-03-29 19:30:30] [scraper]   [document] https://xml.bigboxads.com/load
[2026-03-29 19:30:30] [scraper]   [document] https://xml.popviking.com/redirect?feed=845923&auth=XqqQ&pubid=224210
[2026-03-29 19:30:30] [scraper]   [document] https://xml.poprtb.com/redirect?feed=840878&auth=plYi&pubid=223863
[2026-03-29 19:30:30] [scraper]   [document] https://xml.acertb.com/redirect?feed=845891&auth=Ftu9&pubid=224205
[2026-03-29 19:30:30] [scraper]   [document] https://xml.zeusadx.com/redirect?feed=845885&auth=NCyZ&pubid=224204
[2026-03-29 19:30:30] [scraper]   [document] https://xml.xmlking.com/redirect?feed=840879&auth=PZOQ&pubid=223865
[2026-03-29 19:30:30] [scraper]   [document] https://xml.bigboxads.com/load
[2026-03-29 19:30:30] [scraper]   [document] https://xml.bigboxads.com/load
[2026-03-29 19:30:30] [scraper]   [document] https://xml.bigboxads.com/load
[2026-03-29 19:30:30] [scraper]   [document] https://xml.bigboxads.com/load
[2026-03-29 19:30:30] [scraper]   [document] https://xml.bigboxads.com/load
[2026-03-29 19:30:30] [scraper]   [document] https://xml.bigboxads.com/load
[2026-03-29 19:30:30] [scraper]   [document] https://xml.cachegorilla.com/redirect?feed=840889&auth=RmRQ&pubid=223867
[2026-03-29 19:30:30] [scraper]   [document] https://xml.popmonetizer.net/redirect?feed=845863&auth=9uKi&pubid=224202
[2026-03-29 19:30:30] [scraper]   [document] https://xml.adxnexus.com/redirect?feed=845878&auth=I3hp&pubid=224203
[2026-03-29 19:30:30] [scraper]   [document] https://xml.xmlwiz.com/redirect?feed=840880&auth=XsHX&pubid=223866
[2026-03-29 19:30:30] [scraper]   [document] https://xml.xmlwolf.com/redirect?feed=840890&auth=di6u&pubid=223868
[2026-03-29 19:30:30] [scraper]   [document] https://xml.revrtb.net/redirect?feed=845856&auth=YMS8&pubid=224201
[2026-03-29 19:30:30] [scraper]   [document] https://xml.poprtb.com/redirect?feed=840878&auth=plYi&pubid=223863
[2026-03-29 19:30:30] [scraper]   [document] https://xml.xmlking.com/redirect?feed=840879&auth=PZOQ&pubid=223865
[2026-03-29 19:30:30] [scraper]   [document] https://xml.popviking.com/redirect?feed=845923&auth=XqqQ&pubid=224210
[2026-03-29 19:30:30] [scraper]   [document] https://xml.acertb.com/redirect?feed=845891&auth=Ftu9&pubid=224205
[2026-03-29 19:30:30] [scraper]   [document] https://xml.popmonetizer.net/redirect?feed=845863&auth=9uKi&pubid=224202
[2026-03-29 19:30:30] [scraper]   [document] https://xml.revrtb.net/redirect?feed=845856&auth=YMS8&pubid=224201
[2026-03-29 19:30:30] [scraper]   [document] https://xml.xmlwolf.com/redirect?feed=840890&auth=di6u&pubid=223868
[2026-03-29 19:30:30] [scraper]   [document] https://xml.zeusadx.com/redirect?feed=845885&auth=NCyZ&pubid=224204
[2026-03-29 19:30:30] [scraper]   [document] https://xml.adxnexus.com/redirect?feed=845878&auth=I3hp&pubid=224203
[2026-03-29 19:30:30] [scraper]   [document] https://xml.xmlwiz.com/redirect?feed=840880&auth=XsHX&pubid=223866
[2026-03-29 19:30:30] [scraper]   [document] https://xml.cachegorilla.com/redirect?feed=840889&auth=RmRQ&pubid=223867
[2026-03-29 19:30:30] [scraper]   [document] https://rtouchingthewaterw.com/?0rVkI=1178967
[2026-03-29 19:30:30] [scraper]   [document] https://rtouchingthewaterw.com/?0rVkI=1178967
[2026-03-29 19:30:30] [scraper]   [document] https://rtouchingthewaterw.com/?0dSrC=1213471
[2026-03-29 19:30:30] [scraper]   [document] https://rtouchingthewaterw.com/?RnUPx=1213470
[2026-03-29 19:30:30] [scraper]   [document] https://hk.jayantwhaling.shop/ieLj9DIIhdvZ9/eGXMG?param_4=1213470&param_5=3004417572070202352
[2026-03-29 19:30:30] [scraper]   [document] https://bongacams11.com/track?c=830727&subid=7725946603985655925&subid2=1213471
[2026-03-29 19:30:30] [scraper]   [document] https://brandshapers.gotrackier.io/click?campaign_id=2386&pub_id=88&p1=2823717163305546424&source=1178967
[2026-03-29 19:30:30] [scraper]   [document] https://bngtrak.com/hit.php?c=830727&subid=7725946603985655925&subid2=1213471
[2026-03-29 19:30:30] [scraper]   [document] https://a.throughlnk.com/goto/?utm_source=wrtzr&utm_medium=master_cb&subID2=861831&clickID=69c953a5073b6b03525703fc&subID3=88&subID4=1178967
[2026-03-29 19:30:30] [scraper]   [fetch] https://fondleaegipan.shop/cuid/?f=https%3A%2F%2Fhk.jayantwhaling.shop
[2026-03-29 19:30:30] [scraper]   [document] https://bongacams.com/?bcs=b2RhbDE5ZjAxYTllNTFjNmIxMDJkZTcxZjNjNjJjYTVkYTI3OjoyODUxMzU6Ojo6NzcyNTk0NjYwMzk4NTY1NTkyNTo6MTIxMzQ3MTo6ODMwNzI3OjowOjowOjowOjo6OjA6OmRlZmF1bHQ6OjA~
[2026-03-29 19:30:30] [scraper]   [document] https://hk.jayantwhaling.shop/ijdRZpprFPgkj0/jngoa?param_4=1178967&param_5=7870840240685795115
[2026-03-29 19:30:30] [scraper]   [fetch] https://fondleaegipan.shop/cuid/?f=https%3A%2F%2Fhk.jayantwhaling.shop
[2026-03-29 19:30:30] [scraper] ============================================================
[2026-03-29 19:30:30] [scraper] First-hop iframes: {'https://database.seriale-online.net/iframe/OGJSK0tXYjlIMVJSNDRwMnUvcTcxb0c3YW9oNzVha29ucm1weElWdkpJZEMzK2RCUFlpOU5XUXg1UWFtdW5sTVF0Y1h2VWp6YWZXVHJYb3cxNXdDOVNVTA==': '', 'https://database.seriale-online.net/iframe/OGJSK0tXYjlIMVJSNDRwMnUvcTcxb0c3YW9oNzVha29ucm1weElWbktKOVNrS1FNUGRqT1pHODUxUnZoK2pRUVFzRVg0UmlBTHV1SWdYQWtuTlZQcFNWTVlHVVF6Zz09': 'VideoVard', 'https://database.seriale-online.net/iframe/OGJSK0tXYjlIMVJSNDRwMnUvcTcxb0c3YW9oNzVha29ucm1weElWbExweFRqcjhSTnB1UFpDMXA1QnJiOHo0RUQ1VVg2UmllTHFuWXNHY0xrTlpKc21nU1lHc1FoNEo4': 'Doodstream', 'https://database.seriale-online.net/iframe/OGJSK0tXYjlIMVJSNDRwMnUvcTcxb0c3YW9oNzVha29ucm1weElWeU5ZRlNuS1lRTWRqT1pHODUxUnZoK2pRUVFzRVg0UmlBTHV1SWdYQWtuTlZQcFNWTVlHVVF6Zz09': 'Streamsb'}
[2026-03-29 19:30:30] [scraper] Found 0 potential tab/button elements
[2026-03-29 19:30:30] [scraper] All first-hop URLs to follow: {'https://database.seriale-online.net/iframe/OGJSK0tXYjlIMVJSNDRwMnUvcTcxb0c3YW9oNzVha29ucm1weElWdkpJZEMzK2RCUFlpOU5XUXg1UWFtdW5sTVF0Y1h2VWp6YWZXVHJYb3cxNXdDOVNVTA==': '', 'https://database.seriale-online.net/iframe/OGJSK0tXYjlIMVJSNDRwMnUvcTcxb0c3YW9oNzVha29ucm1weElWbktKOVNrS1FNUGRqT1pHODUxUnZoK2pRUVFzRVg0UmlBTHV1SWdYQWtuTlZQcFNWTVlHVVF6Zz09': 'VideoVard', 'https://database.seriale-online.net/iframe/OGJSK0tXYjlIMVJSNDRwMnUvcTcxb0c3YW9oNzVha29ucm1weElWbExweFRqcjhSTnB1UFpDMXA1QnJiOHo0RUQ1VVg2UmllTHFuWXNHY0xrTlpKc21nU1lHc1FoNEo4': 'Doodstream', 'https://database.seriale-online.net/iframe/OGJSK0tXYjlIMVJSNDRwMnUvcTcxb0c3YW9oNzVha29ucm1weElWeU5ZRlNuS1lRTWRqT1pHODUxUnZoK2pRUVFzRVg0UmlBTHV1SWdYQWtuTlZQcFNWTVlHVVF6Zz09': 'Streamsb'}
[2026-03-29 19:30:30] [scraper] Following hop: https://database.seriale-online.net/iframe/OGJSK0tXYjlIMVJSNDRwMnUvcTcxb0c3YW9oN
[2026-03-29 19:30:30] [scraper] → https://cdn1.vidcdn.co/e/w5ja4vO0mEZ8?adfree=1
[2026-03-29 19:30:30] [scraper] source: [Streamsb] https://cdn1.vidcdn.co/e/w5ja4vO0mEZ8?adfree=1
[2026-03-29 19:30:30] [scraper] Following hop: https://database.seriale-online.net/iframe/OGJSK0tXYjlIMVJSNDRwMnUvcTcxb0c3YW9oN
[2026-03-29 19:30:30] [scraper] → https://f16px.com/e/0hcsmuw3dg9o?c1_file=https://seriale-online.net/subtitrari/1
[2026-03-29 19:30:37] [scraper] [f16px] m3u8: https://edge1-prague-sprintcdn.r66nv9ed.com/hls2/02/08361/4x3efbhuomp5_x/master.m3u8?t=kpaFmnE0rWTwh
[2026-03-29 19:30:37] [scraper] f16px stream: https://edge1-prague-sprintcdn.r66nv9ed.com/hls2/02/08361/4x3efbhuomp5_x/master.
[2026-03-29 19:30:37] [scraper] Following hop: https://database.seriale-online.net/iframe/OGJSK0tXYjlIMVJSNDRwMnUvcTcxb0c3YW9oN
[2026-03-29 19:30:37] [scraper] → https://myvidplay.com/e/90ztffgjef8n?c1_file=https://seriale-online.net/subtitra
[2026-03-29 19:30:37] [scraper] doodstream embed: https://myvidplay.com/e/90ztffgjef8n
[2026-03-29 19:30:37] [scraper] Following hop: https://database.seriale-online.net/iframe/OGJSK0tXYjlIMVJSNDRwMnUvcTcxb0c3YW9oN
[2026-03-29 19:30:38] [scraper] → https://vidload.co/embed/aa4a1c4531e3d86f27f2f64addfe7524
[2026-03-29 19:30:38] [scraper] source: [vidload (Streamsb)] https://vidload.co/embed/aa4a1c4531e3d86f27f2f64addfe7524
[2026-03-29 19:30:38] [scraper] Episode sources found: 4
[2026-03-29 19:30:38] [scraper]   1. [f16px (VideoVard)] https://edge1-prague-sprintcdn.r66nv9ed.com/hls2/02/08361/4x3efbhuomp5_x/master.m3u8?t=kpaFmnE0rWTwhHvaoyMphb7pWU0vNHB72Y3MGUc5zHE&s=1774801831&e=10800&f=43754084&srv=1065&asn=8708&sp=5500&p=0
[2026-03-29 19:30:38] [scraper]   2. [myvidplay (Doodstream)] https://myvidplay.com/e/90ztffgjef8n
[2026-03-29 19:30:38] [scraper]   3. [vidload (Streamsb)] https://vidload.co/embed/aa4a1c4531e3d86f27f2f64addfe7524
[2026-03-29 19:30:38] [scraper]   4. [Streamsb] https://cdn1.vidcdn.co/e/w5ja4vO0mEZ8?adfree=1
[2026-03-29 19:30:38] Download started: 'NCIS: Sydney Sezonul 2 Episodul 4' — 4 source(s)
[2026-03-29 19:30:38] Trying source 1/4: f16px (VideoVard)
[2026-03-29 19:32:28] SUCCESS via 'f16px (VideoVard)' — 308 MB in 110s
